<?xml version="1.0" encoding="UTF-8"?>
<!-- Generated by org.testng.reporters.JUnitXMLReporter -->
<testsuite ignored="0" hostname="Mac" failures="2" tests="3" name="Surefire test" time="51.362" errors="0" timestamp="2026-05-30T21:03:42 EDT">
  <testcase classname="qa.base.BaseTest" name="@AfterMethod tearDown" time="0.007">
    <failure type="org.openqa.selenium.NoSuchWindowException" message="no such window: target window already closed
from unknown error: web view not found
  (Session info: chrome=148.0.7778.179)
Build info: version: &amp;apos;4.44.0&amp;apos;, revision: &amp;apos;da2039b&amp;apos;
System info: os.name: &amp;apos;Mac OS X&amp;apos;, os.arch: &amp;apos;aarch64&amp;apos;, os.version: &amp;apos;15.4.1&amp;apos;, java.version: &amp;apos;21.0.7&amp;apos;
Driver info: org.openqa.selenium.chrome.ChromeDriver
Command: [386a23ce40124e9d793d857750f823cc, close {}]
Capabilities {acceptInsecureCerts: false, browserName: chrome, browserVersion: 148.0.7778.179, chrome: {chromedriverVersion: 148.0.7778.178 (d096af1c9e9..., userDataDir: /var/folders/hm/y9734nld09g...}, fedcm:accounts: true, goog:chromeOptions: {debuggerAddress: localhost:57335}, goog:processID: 53438, networkConnectionEnabled: false, pageLoadStrategy: normal, platformName: mac, proxy: Proxy(), se:cdp: ws://localhost:57335/devtoo..., se:cdpVersion: 148.0.7778.179, setWindowRect: true, strictFileInteractability: false, timeouts: {implicit: 0, pageLoad: 300000, script: 30000}, unhandledPromptBehavior: dismiss and notify, webauthn:extension:credBlob: true, webauthn:extension:largeBlob: true, webauthn:extension:minPinLength: true, webauthn:extension:prf: true, webauthn:virtualAuthenticators: true}
Session ID: 386a23ce40124e9d793d857750f823cc">
      <![CDATA[org.openqa.selenium.NoSuchWindowException: no such window: target window already closed
from unknown error: web view not found
  (Session info: chrome=148.0.7778.179)
Build info: version: '4.44.0', revision: 'da2039b'
System info: os.name: 'Mac OS X', os.arch: 'aarch64', os.version: '15.4.1', java.version: '21.0.7'
Driver info: org.openqa.selenium.chrome.ChromeDriver
Command: [386a23ce40124e9d793d857750f823cc, close {}]
Capabilities {acceptInsecureCerts: false, browserName: chrome, browserVersion: 148.0.7778.179, chrome: {chromedriverVersion: 148.0.7778.178 (d096af1c9e9..., userDataDir: /var/folders/hm/y9734nld09g...}, fedcm:accounts: true, goog:chromeOptions: {debuggerAddress: localhost:57335}, goog:processID: 53438, networkConnectionEnabled: false, pageLoadStrategy: normal, platformName: mac, proxy: Proxy(), se:cdp: ws://localhost:57335/devtoo..., se:cdpVersion: 148.0.7778.179, setWindowRect: true, strictFileInteractability: false, timeouts: {implicit: 0, pageLoad: 300000, script: 30000}, unhandledPromptBehavior: dismiss and notify, webauthn:extension:credBlob: true, webauthn:extension:largeBlob: true, webauthn:extension:minPinLength: true, webauthn:extension:prf: true, webauthn:virtualAuthenticators: true}
Session ID: 386a23ce40124e9d793d857750f823cc
at org.openqa.selenium.remote.ErrorCodec.decode(ErrorCodec.java:169)
at org.openqa.selenium.remote.codec.w3c.W3CHttpResponseCodec.decode(W3CHttpResponseCodec.java:143)
at org.openqa.selenium.remote.codec.w3c.W3CHttpResponseCodec.decode(W3CHttpResponseCodec.java:50)
at org.openqa.selenium.remote.HttpCommandExecutor.execute(HttpCommandExecutor.java:224)
at org.openqa.selenium.remote.service.DriverCommandExecutor.invokeExecute(DriverCommandExecutor.java:217)
at org.openqa.selenium.remote.service.DriverCommandExecutor.execute(DriverCommandExecutor.java:175)
at org.openqa.selenium.remote.RemoteWebDriver.execute(RemoteWebDriver.java:600)
at org.openqa.selenium.remote.RemoteWebDriver.execute(RemoteWebDriver.java:682)
at org.openqa.selenium.remote.RemoteWebDriver.execute(RemoteWebDriver.java:686)
at org.openqa.selenium.remote.RemoteWebDriver.close(RemoteWebDriver.java:471)
at qa.base.BaseTest.tearDown(BaseTest.java:54)
at java.base/java.util.ArrayList.forEach(ArrayList.java:1596)
... Removed 35 stack frames]]>
    </failure>
  </testcase> <!-- @AfterMethod tearDown -->
  <testcase classname="qa.base.BaseTest" name="@BeforeMethod tearUp" time="0.0">
    <skipped/>
  </testcase> <!-- @BeforeMethod tearUp -->
  <testcase classname="qa.base.BaseTest" name="@AfterMethod tearDown" time="0.0">
    <skipped/>
  </testcase> <!-- @AfterMethod tearDown -->
  <testcase classname="qa.testcases.MyFirstTest" name="loginTest" time="36.506">
    <failure type="java.lang.AssertionError" message="expected [Zoho Home] but found [Zoho Accounts]">
      <![CDATA[java.lang.AssertionError: expected [Zoho Home] but found [Zoho Accounts]
at qa.testcases.MyFirstTest.loginTest(MyFirstTest.java:36)
at java.base/java.util.ArrayList.forEach(ArrayList.java:1596)
... Removed 36 stack frames]]>
    </failure>
  </testcase> <!-- loginTest -->
  <testcase classname="qa.testcases.MyFirstTest" name="loginTest" time="5.013">
    <failure type="org.openqa.selenium.NoSuchElementException" message="Unable to find element with locator By.linkText: Sign In
For documentation on this error, please visit: https://www.selenium.dev/documentation/webdriver/troubleshooting/errors#nosuchelementexception
Build info: version: &amp;apos;4.44.0&amp;apos;, revision: &amp;apos;da2039b&amp;apos;
System info: os.name: &amp;apos;Mac OS X&amp;apos;, os.arch: &amp;apos;aarch64&amp;apos;, os.version: &amp;apos;15.4.1&amp;apos;, java.version: &amp;apos;21.0.7&amp;apos;
Driver info: driver.version: RemoteWebDriver">
      <![CDATA[org.openqa.selenium.NoSuchElementException: Unable to find element with locator By.linkText: Sign In
For documentation on this error, please visit: https://www.selenium.dev/documentation/webdriver/troubleshooting/errors#nosuchelementexception
Build info: version: '4.44.0', revision: 'da2039b'
System info: os.name: 'Mac OS X', os.arch: 'aarch64', os.version: '15.4.1', java.version: '21.0.7'
Driver info: driver.version: RemoteWebDriver
at org.openqa.selenium.remote.ElementLocation$ElementFinder$2.findElement(ElementLocation.java:176)
at org.openqa.selenium.remote.ElementLocation.findElement(ElementLocation.java:60)
at org.openqa.selenium.remote.RemoteWebDriver.findElement(RemoteWebDriver.java:421)
at org.openqa.selenium.remote.RemoteWebDriver.findElement(RemoteWebDriver.java:415)
at qa.testcases.MyFirstTest.loginTest(MyFirstTest.java:20)
at java.base/java.util.ArrayList.forEach(ArrayList.java:1596)
... Removed 30 stack frames]]>
    </failure>
  </testcase> <!-- loginTest -->
  <testcase classname="qa.testcases.MyFirstTest" name="loginTest" time="0.0">
    <skipped/>
  </testcase> <!-- loginTest -->
</testsuite> <!-- Surefire test -->
